1: <info> ======== Starting processing all tasks: 05.12.2022 16:51 ========
 [JPetManager.cpp:run@59]
2: <info> Options for ParamBank Filling [JPetOptionsTools.cpp:printOptionsToLog@275]
3: <info> Current options: [JPetOptionsTools.cpp:printOptionsToLog@277]
4: <info> EventFinder_EventTime=20000.000000 [JPetOptionsTools.cpp:printOptionsToLog@281]
5: <info> EventFinder_MinEventMultiplicity=2 [JPetOptionsTools.cpp:printOptionsToLog@281]
6: <info> EventFinder_UseCorruptedHits=false [JPetOptionsTools.cpp:printOptionsToLog@281]
7: <info> GeantParser_EnergySmearingFunction=[&](double *x, double *p){double sigma = p[2] * 0.044 / sqrt(p[2] / 1000.);return TMath::Gaus(*x, p[2], sigma);} [JPetOptionsTools.cpp:printOptionsToLog@281]
8: <info> GeantParser_EnergySmearingFunctionLimits_std::vector<double>=-1500.000000 1500.000000  [JPetOptionsTools.cpp:printOptionsToLog@281]
9: <info> GeantParser_EnergySmearingParameters_std::vector<double>= [JPetOptionsTools.cpp:printOptionsToLog@281]
10: <info> GeantParser_EnergyThreshold=10.000000 [JPetOptionsTools.cpp:printOptionsToLog@281]
11: <info> GeantParser_MakeEfficiencies=true [JPetOptionsTools.cpp:printOptionsToLog@281]
12: <info> GeantParser_MakeHistograms=true [JPetOptionsTools.cpp:printOptionsToLog@281]
13: <info> GeantParser_MaxTimeWindow=0.000000 [JPetOptionsTools.cpp:printOptionsToLog@281]
14: <info> GeantParser_MinTimeWindow=-50000000.000000 [JPetOptionsTools.cpp:printOptionsToLog@281]
15: <info> GeantParser_SourceActivity=1.000000 [JPetOptionsTools.cpp:printOptionsToLog@281]
16: <info> GeantParser_TimeSmearingFunction=[&](double *x, double *p){double sigma = p[4];if(p[2] < p[5]){sigma = sigma / sqrt(p[2] / p[6]);} return TMath::Gaus(*x, p[3], sigma);} [JPetOptionsTools.cpp:printOptionsToLog@281]
17: <info> GeantParser_TimeSmearingFunctionLimits_std::vector<double>=-2000.000000 2000.000000  [JPetOptionsTools.cpp:printOptionsToLog@281]
18: <info> GeantParser_TimeSmearingParameters_std::vector<double>=220.000000 200.000000 340.000000  [JPetOptionsTools.cpp:printOptionsToLog@281]
19: <info> GeantParser_ZPositionSmearingFunction=[&](double *x, double *p){return TMath::Gaus(*x, p[1], p[4]);} [JPetOptionsTools.cpp:printOptionsToLog@281]
20: <info> GeantParser_ZPositionSmearingFunctionLimits_std::vector<double>=-20.000000 20.000000  [JPetOptionsTools.cpp:printOptionsToLog@281]
21: <info> GeantParser_ZPositionSmearingParameters_std::vector<double>=3.000000  [JPetOptionsTools.cpp:printOptionsToLog@281]
22: <info> detectorType=barrel [JPetOptionsTools.cpp:printOptionsToLog@281]
23: <info> directProcessing=false [JPetOptionsTools.cpp:printOptionsToLog@281]
24: <info> file_std::vector<std::string>=["/mnt/home/jmedrala/J-PET-geant4/build/bin/mc.mcGeant.root", ] [JPetOptionsTools.cpp:printOptionsToLog@281]
25: <info> firstEvent=-1 [JPetOptionsTools.cpp:printOptionsToLog@281]
26: <info> inputFile=/mnt/home/jmedrala/J-PET-geant4/build/bin/mc.mcGeant.root [JPetOptionsTools.cpp:printOptionsToLog@281]
27: <info> inputFileType=mcGeant [JPetOptionsTools.cpp:printOptionsToLog@281]
28: <info> lastEvent=-1 [JPetOptionsTools.cpp:printOptionsToLog@281]
29: <info> localDB=/mnt/home/jmedrala/j-pet-framework-examples/CalibrationFiles/9_RUN/detectorSetupRun9.json [JPetOptionsTools.cpp:printOptionsToLog@281]
30: <info> outputFile=test.root [JPetOptionsTools.cpp:printOptionsToLog@281]
31: <info> outputFileType=root [JPetOptionsTools.cpp:printOptionsToLog@281]
32: <info> outputPath=./ [JPetOptionsTools.cpp:printOptionsToLog@281]
33: <info> progressBar=false [JPetOptionsTools.cpp:printOptionsToLog@281]
34: <info> range_std::vector<int>=-1 -1  [JPetOptionsTools.cpp:printOptionsToLog@281]
35: <info> runID=9 [JPetOptionsTools.cpp:printOptionsToLog@281]
36: <info> scopeConfigFile= [JPetOptionsTools.cpp:printOptionsToLog@281]
37: <info> scopeInputDirectory= [JPetOptionsTools.cpp:printOptionsToLog@281]
38: <info> type=mcGeant [JPetOptionsTools.cpp:printOptionsToLog@281]
39: <info> unpackerCalibFile= [JPetOptionsTools.cpp:printOptionsToLog@281]
40: <info> unpackerConfigFile=conf_trb3.xml [JPetOptionsTools.cpp:printOptionsToLog@281]
41: <info> userCfg=userParams_mc.json [JPetOptionsTools.cpp:printOptionsToLog@281]
42: <info> wrongFirstEvent=-1 [JPetOptionsTools.cpp:printOptionsToLog@281]
43: <info> wrongLastEvent=-1 [JPetOptionsTools.cpp:printOptionsToLog@281]
44: <info> Starting task: ParamBank Filling [JPetTaskChainExecutor.cpp:process@54]
45: <info> Options for JPetGeantParser [JPetOptionsTools.cpp:printOptionsToLog@275]
46: <info> Current options: [JPetOptionsTools.cpp:printOptionsToLog@277]
47: <info> EventFinder_EventTime=20000.000000 [JPetOptionsTools.cpp:printOptionsToLog@281]
48: <info> EventFinder_MinEventMultiplicity=2 [JPetOptionsTools.cpp:printOptionsToLog@281]
49: <info> EventFinder_UseCorruptedHits=false [JPetOptionsTools.cpp:printOptionsToLog@281]
50: <info> GeantParser_EnergySmearingFunction=[&](double *x, double *p){double sigma = p[2] * 0.044 / sqrt(p[2] / 1000.);return TMath::Gaus(*x, p[2], sigma);} [JPetOptionsTools.cpp:printOptionsToLog@281]
51: <info> GeantParser_EnergySmearingFunctionLimits_std::vector<double>=-1500.000000 1500.000000  [JPetOptionsTools.cpp:printOptionsToLog@281]
52: <info> GeantParser_EnergySmearingParameters_std::vector<double>= [JPetOptionsTools.cpp:printOptionsToLog@281]
53: <info> GeantParser_EnergyThreshold=10.000000 [JPetOptionsTools.cpp:printOptionsToLog@281]
54: <info> GeantParser_MakeEfficiencies=true [JPetOptionsTools.cpp:printOptionsToLog@281]
55: <info> GeantParser_MakeHistograms=true [JPetOptionsTools.cpp:printOptionsToLog@281]
56: <info> GeantParser_MaxTimeWindow=0.000000 [JPetOptionsTools.cpp:printOptionsToLog@281]
57: <info> GeantParser_MinTimeWindow=-50000000.000000 [JPetOptionsTools.cpp:printOptionsToLog@281]
58: <info> GeantParser_SourceActivity=1.000000 [JPetOptionsTools.cpp:printOptionsToLog@281]
59: <info> GeantParser_TimeSmearingFunction=[&](double *x, double *p){double sigma = p[4];if(p[2] < p[5]){sigma = sigma / sqrt(p[2] / p[6]);} return TMath::Gaus(*x, p[3], sigma);} [JPetOptionsTools.cpp:printOptionsToLog@281]
60: <info> GeantParser_TimeSmearingFunctionLimits_std::vector<double>=-2000.000000 2000.000000  [JPetOptionsTools.cpp:printOptionsToLog@281]
61: <info> GeantParser_TimeSmearingParameters_std::vector<double>=220.000000 200.000000 340.000000  [JPetOptionsTools.cpp:printOptionsToLog@281]
62: <info> GeantParser_ZPositionSmearingFunction=[&](double *x, double *p){return TMath::Gaus(*x, p[1], p[4]);} [JPetOptionsTools.cpp:printOptionsToLog@281]
63: <info> GeantParser_ZPositionSmearingFunctionLimits_std::vector<double>=-20.000000 20.000000  [JPetOptionsTools.cpp:printOptionsToLog@281]
64: <info> GeantParser_ZPositionSmearingParameters_std::vector<double>=3.000000  [JPetOptionsTools.cpp:printOptionsToLog@281]
65: <info> detectorType=barrel [JPetOptionsTools.cpp:printOptionsToLog@281]
66: <info> directProcessing=false [JPetOptionsTools.cpp:printOptionsToLog@281]
67: <info> file_std::vector<std::string>=["/mnt/home/jmedrala/J-PET-geant4/build/bin/mc.mcGeant.root", ] [JPetOptionsTools.cpp:printOptionsToLog@281]
68: <info> firstEvent=-1 [JPetOptionsTools.cpp:printOptionsToLog@281]
69: <info> inputFile=/mnt/home/jmedrala/J-PET-geant4/build/bin/mc.mcGeant.root [JPetOptionsTools.cpp:printOptionsToLog@281]
70: <info> inputFileType=mcGeant [JPetOptionsTools.cpp:printOptionsToLog@281]
71: <info> lastEvent=-1 [JPetOptionsTools.cpp:printOptionsToLog@281]
72: <info> localDB=/mnt/home/jmedrala/j-pet-framework-examples/CalibrationFiles/9_RUN/detectorSetupRun9.json [JPetOptionsTools.cpp:printOptionsToLog@281]
73: <info> outputFile=test.root [JPetOptionsTools.cpp:printOptionsToLog@281]
74: <info> outputFileType=root [JPetOptionsTools.cpp:printOptionsToLog@281]
75: <info> outputPath=./ [JPetOptionsTools.cpp:printOptionsToLog@281]
76: <info> progressBar=false [JPetOptionsTools.cpp:printOptionsToLog@281]
77: <info> range_std::vector<int>=-1 -1  [JPetOptionsTools.cpp:printOptionsToLog@281]
78: <info> runID=9 [JPetOptionsTools.cpp:printOptionsToLog@281]
79: <info> scopeConfigFile= [JPetOptionsTools.cpp:printOptionsToLog@281]
80: <info> scopeInputDirectory= [JPetOptionsTools.cpp:printOptionsToLog@281]
81: <info> type=mcGeant [JPetOptionsTools.cpp:printOptionsToLog@281]
82: <info> unpackerCalibFile= [JPetOptionsTools.cpp:printOptionsToLog@281]
83: <info> unpackerConfigFile=conf_trb3.xml [JPetOptionsTools.cpp:printOptionsToLog@281]
84: <info> userCfg=userParams_mc.json [JPetOptionsTools.cpp:printOptionsToLog@281]
85: <info> wrongFirstEvent=-1 [JPetOptionsTools.cpp:printOptionsToLog@281]
86: <info> wrongLastEvent=-1 [JPetOptionsTools.cpp:printOptionsToLog@281]
87: <info> Starting task: JPetGeantParser [JPetTaskChainExecutor.cpp:process@54]
88: <info> Seed value used for resolution smearing of MC simulation data: 0 [JPetGeantParser.cpp:init@78]
89: <info> MC Hit wrapper started. [JPetGeantParser.cpp:init@91]
